[debug] [2026-05-04T06:25:32.570Z] ----------------------------------------------------------------------
[debug] [2026-05-04T06:25:32.572Z] Command:       C:\Program Files\nodejs\node.exe C:\Users\AVINASH\AppData\Roaming\npm\node_modules\firebase-tools\lib\bin\firebase.js init
[debug] [2026-05-04T06:25:32.572Z] CLI Version:   15.16.0
[debug] [2026-05-04T06:25:32.572Z] Platform:      win32
[debug] [2026-05-04T06:25:32.572Z] Node Version:  v22.21.0
[debug] [2026-05-04T06:25:32.573Z] Time:          Mon May 04 2026 11:55:32 GMT+0530 (India Standard Time)
[debug] [2026-05-04T06:25:32.573Z] ----------------------------------------------------------------------
[debug] 
[info] 
     ######## #### ########  ######## ########     ###     ######  ########
     ##        ##  ##     ## ##       ##     ##  ##   ##  ##       ##
     ######    ##  ########  ######   ########  #########  ######  ######
     ##        ##  ##    ##  ##       ##     ## ##     ##       ## ##
     ##       #### ##     ## ######## ########  ##     ##  ######  ########

You're about to initialize a Firebase project in this directory:

  C:\Users\AVINASH\OneDrive\Desktop\Avi\Event_management_System\frontend

[info] 
=== Project Setup
[info] 
[info] First, let's associate this project directory with a Firebase project.
[info] You can create multiple project aliases by running firebase use --add, 
[info] 
[debug] [2026-05-04T06:25:48.899Z] > command requires scopes: ["email","openid","https://www.googleapis.com/auth/cloudplatformprojects.readonly","https://www.googleapis.com/auth/firebase","https://www.googleapis.com/auth/cloud-platform"]
[debug] [2026-05-04T06:25:48.899Z] > authorizing via signed-in user (vijayavinashchekkapalli4@gmail.com)
[debug] [2026-05-04T06:25:48.901Z] Checked if tokens are valid: true, expires at: 1777879035149
[debug] [2026-05-04T06:25:48.901Z] Checked if tokens are valid: true, expires at: 1777879035149
[debug] [2026-05-04T06:25:48.903Z] >>> [apiv2][query] GET https://firebase.googleapis.com/v1beta1/availableProjects pageSize=100
[debug] [2026-05-04T06:25:49.960Z] <<< [apiv2][status] GET https://firebase.googleapis.com/v1beta1/availableProjects 200
[debug] [2026-05-04T06:25:49.960Z] <<< [apiv2][body] GET https://firebase.googleapis.com/v1beta1/availableProjects [omitted]
[debug] [2026-05-04T06:26:50.242Z] Checked if tokens are valid: true, expires at: 1777879035149
[debug] [2026-05-04T06:26:50.242Z] Checked if tokens are valid: true, expires at: 1777879035149
[debug] [2026-05-04T06:26:50.242Z] >>> [apiv2][query] POST https://firebase.googleapis.com/v1beta1/projects/turnkey-alpha-477306-h1:addFirebase [none]
[debug] [2026-05-04T06:26:51.085Z] <<< [apiv2][status] POST https://firebase.googleapis.com/v1beta1/projects/turnkey-alpha-477306-h1:addFirebase 403
[debug] [2026-05-04T06:26:51.085Z] <<< [apiv2][body] POST https://firebase.googleapis.com/v1beta1/projects/turnkey-alpha-477306-h1:addFirebase {"error":{"code":403,"message":"The caller does not have permission","status":"PERMISSION_DENIED"}}
[debug] [2026-05-04T06:26:51.086Z] Request to https://firebase.googleapis.com/v1beta1/projects/turnkey-alpha-477306-h1:addFirebase had HTTP Error: 403, The caller does not have permission
[debug] [2026-05-04T06:26:51.446Z] FirebaseError: Request to https://firebase.googleapis.com/v1beta1/projects/turnkey-alpha-477306-h1:addFirebase had HTTP Error: 403, The caller does not have permission
    at responseToError (C:\Users\AVINASH\AppData\Roaming\npm\node_modules\firebase-tools\lib\responseToError.js:53:12)
    at RetryOperation._fn (C:\Users\AVINASH\AppData\Roaming\npm\node_modules\firebase-tools\lib\apiv2.js:333:77)
    at process.processTicksAndRejections (node:internal/process/task_queues:105:5)
[error] 
[error] Error: Failed to add Firebase to Google Cloud Platform project. See firebase-debug.log for more info.
[debug] [2026-05-04T06:28:08.048Z] ----------------------------------------------------------------------
[debug] [2026-05-04T06:28:08.051Z] Command:       C:\Program Files\nodejs\node.exe C:\Users\AVINASH\AppData\Roaming\npm\node_modules\firebase-tools\lib\bin\firebase.js init
[debug] [2026-05-04T06:28:08.051Z] CLI Version:   15.16.0
[debug] [2026-05-04T06:28:08.051Z] Platform:      win32
[debug] [2026-05-04T06:28:08.051Z] Node Version:  v22.21.0
[debug] [2026-05-04T06:28:08.051Z] Time:          Mon May 04 2026 11:58:08 GMT+0530 (India Standard Time)
[debug] [2026-05-04T06:28:08.051Z] ----------------------------------------------------------------------
[debug] 
[info] 
     ######## #### ########  ######## ########     ###     ######  ########
     ##        ##  ##     ## ##       ##     ##  ##   ##  ##       ##
     ######    ##  ########  ######   ########  #########  ######  ######
     ##        ##  ##    ##  ##       ##     ## ##     ##       ## ##
     ##       #### ##     ## ######## ########  ##     ##  ######  ########

You're about to initialize a Firebase project in this directory:

  C:\Users\AVINASH\OneDrive\Desktop\Avi\Event_management_System\frontend

